2019-05-13 21:17:44,888 INFO  [Log] Entering into WireSupportSearchTests 
2019-05-13 21:17:45,232 INFO  [Log] $$$$$$$$$$$$$$$$$$$$$                 com.wire.WireSupportSearchTests.testProSection       $$$$$$$$$$$$$$$$$$$$$$$$$ 
2019-05-13 21:17:51,524 INFO  [Log] XXXXXXXXXXXXXXXXXXXXXXX             -E---N---D-             XXXXXXXXXXXXXXXXXXXXXX 
2019-05-13 21:17:51,524 INFO  [Log] X 
2019-05-13 21:17:51,524 INFO  [Log] X 
2019-05-13 21:17:51,524 INFO  [Log] X 
2019-05-13 21:17:51,524 INFO  [Log] X 
2019-05-13 21:17:51,525 INFO  [Log] Entering into WireSupportSearchTests 
2019-05-13 21:17:51,805 INFO  [Log] $$$$$$$$$$$$$$$$$$$$$                 com.wire.WireSupportSearchTests.testRecentlyViewed       $$$$$$$$$$$$$$$$$$$$$$$$$ 
2019-05-13 21:17:55,967 INFO  [Log] XXXXXXXXXXXXXXXXXXXXXXX             -E---N---D-             XXXXXXXXXXXXXXXXXXXXXX 
2019-05-13 21:17:55,967 INFO  [Log] X 
2019-05-13 21:17:55,967 INFO  [Log] X 
2019-05-13 21:17:55,967 INFO  [Log] X 
2019-05-13 21:17:55,967 INFO  [Log] X 
2019-05-13 21:17:55,968 INFO  [Log] Entering into WireSupportSearchTests 
2019-05-13 21:17:56,139 INFO  [Log] $$$$$$$$$$$$$$$$$$$$$                 com.wire.WireSupportSearchTests.testTabClicking       $$$$$$$$$$$$$$$$$$$$$$$$$ 
2019-05-13 21:18:08,532 INFO  [Log] XXXXXXXXXXXXXXXXXXXXXXX             -E---N---D-             XXXXXXXXXXXXXXXXXXXXXX 
2019-05-13 21:18:08,532 INFO  [Log] X 
2019-05-13 21:18:08,532 INFO  [Log] X 
2019-05-13 21:18:08,532 INFO  [Log] X 
2019-05-13 21:18:08,532 INFO  [Log] X 
2019-05-13 21:18:08,532 INFO  [Log] Entering into WireSupportSearchTests 
2019-05-13 21:18:09,145 INFO  [Log] $$$$$$$$$$$$$$$$$$$$$                 com.wire.WireSupportSearchTests.testAskSupportButtton       $$$$$$$$$$$$$$$$$$$$$$$$$ 
2019-05-13 21:18:10,779 INFO  [Log] XXXXXXXXXXXXXXXXXXXXXXX             -E---N---D-             XXXXXXXXXXXXXXXXXXXXXX 
2019-05-13 21:18:10,779 INFO  [Log] X 
2019-05-13 21:18:10,779 INFO  [Log] X 
2019-05-13 21:18:10,779 INFO  [Log] X 
2019-05-13 21:18:10,779 INFO  [Log] X 
2019-05-13 21:18:10,780 INFO  [Log] Entering into WireSupportSearchTests 
2019-05-13 21:18:11,364 INFO  [Log] $$$$$$$$$$$$$$$$$$$$$                 com.wire.WireSupportSearchTests.testSearchTextField       $$$$$$$$$$$$$$$$$$$$$$$$$ 
2019-05-13 21:18:12,982 INFO  [Log] =====Browser Session Ended===== 
2019-05-13 21:52:27,453 INFO  [Log] =====Browser Session Started===== 
2019-05-13 21:52:31,218 INFO  [Log] Entering into WireSupportSearchTests 
2019-05-13 21:52:31,709 INFO  [Log] $$$$$$$$$$$$$$$$$$$$$                 com.wire.WireSupportSearchTests.testProSection       $$$$$$$$$$$$$$$$$$$$$$$$$ 
2019-05-13 21:52:37,644 INFO  [Log] XXXXXXXXXXXXXXXXXXXXXXX             -E---N---D-             XXXXXXXXXXXXXXXXXXXXXX 
2019-05-13 21:52:37,644 INFO  [Log] X 
2019-05-13 21:52:37,644 INFO  [Log] X 
2019-05-13 21:52:37,645 INFO  [Log] Entering into WireSupportSearchTests 
2019-05-13 21:52:37,962 INFO  [Log] $$$$$$$$$$$$$$$$$$$$$                 com.wire.WireSupportSearchTests.testRecentlyViewed       $$$$$$$$$$$$$$$$$$$$$$$$$ 
2019-05-13 21:52:42,397 INFO  [Log] XXXXXXXXXXXXXXXXXXXXXXX             -E---N---D-             XXXXXXXXXXXXXXXXXXXXXX 
2019-05-13 21:52:42,397 INFO  [Log] X 
2019-05-13 21:52:42,397 INFO  [Log] X 
2019-05-13 21:52:42,397 INFO  [Log] Entering into WireSupportSearchTests 
2019-05-13 21:52:42,634 INFO  [Log] $$$$$$$$$$$$$$$$$$$$$                 com.wire.WireSupportSearchTests.testTabClicking       $$$$$$$$$$$$$$$$$$$$$$$$$ 
2019-05-13 21:52:57,005 INFO  [Log] XXXXXXXXXXXXXXXXXXXXXXX             -E---N---D-             XXXXXXXXXXXXXXXXXXXXXX 
2019-05-13 21:52:57,005 INFO  [Log] X 
2019-05-13 21:52:57,005 INFO  [Log] X 
2019-05-13 21:52:57,006 INFO  [Log] Entering into WireSupportSearchTests 
2019-05-13 21:52:57,356 INFO  [Log] $$$$$$$$$$$$$$$$$$$$$                 com.wire.WireSupportSearchTests.testAskSupportButtton       $$$$$$$$$$$$$$$$$$$$$$$$$ 
2019-05-13 21:52:58,492 INFO  [Log] XXXXXXXXXXXXXXXXXXXXXXX             -E---N---D-             XXXXXXXXXXXXXXXXXXXXXX 
2019-05-13 21:52:58,492 INFO  [Log] X 
2019-05-13 21:52:58,492 INFO  [Log] X 
2019-05-13 21:52:58,492 INFO  [Log] Entering into WireSupportSearchTests 
2019-05-13 21:52:59,513 INFO  [Log] $$$$$$$$$$$$$$$$$$$$$                 com.wire.WireSupportSearchTests.testSearchTextField       $$$$$$$$$$$$$$$$$$$$$$$$$ 
2019-05-13 21:53:01,179 INFO  [Log] XXXXXXXXXXXXXXXXXXXXXXX             -E---N---D-             XXXXXXXXXXXXXXXXXXXXXX 
2019-05-13 21:53:01,179 INFO  [Log] X 
2019-05-13 21:53:01,179 INFO  [Log] X 
2019-05-13 21:53:01,179 INFO  [Log] =====Browser Session Ended===== 
2019-05-13 21:55:25,717 INFO  [Log] =====Browser Session Started===== 
2019-05-13 21:55:30,642 INFO  [Log] Entering into WireSupportSearchTests 
2019-05-13 21:55:31,182 INFO  [Log] $$$$$$$$$$$$$$$$$$$$$                 com.wire.WireSupportSearchTests.testProSection       $$$$$$$$$$$$$$$$$$$$$$$$$ 
2019-05-13 21:55:37,910 INFO  [Log] XXXXXXXXXXXXXXXXXXXXXXX             -E---N---D-             XXXXXXXXXXXXXXXXXXXXXX 
2019-05-13 21:55:37,910 INFO  [Log] X 
2019-05-13 21:55:37,910 INFO  [Log] X 
2019-05-13 21:55:37,911 INFO  [Log] Entering into WireSupportSearchTests 
2019-05-13 21:55:38,207 INFO  [Log] $$$$$$$$$$$$$$$$$$$$$                 com.wire.WireSupportSearchTests.testRecentlyViewed       $$$$$$$$$$$$$$$$$$$$$$$$$ 
2019-05-13 21:55:41,897 INFO  [Log] XXXXXXXXXXXXXXXXXXXXXXX             -E---N---D-             XXXXXXXXXXXXXXXXXXXXXX 
2019-05-13 21:55:41,898 INFO  [Log] X 
2019-05-13 21:55:41,899 INFO  [Log] X 
2019-05-13 21:55:41,899 INFO  [Log] Entering into WireSupportSearchTests 
2019-05-13 21:55:42,099 INFO  [Log] $$$$$$$$$$$$$$$$$$$$$                 com.wire.WireSupportSearchTests.testTabClicking       $$$$$$$$$$$$$$$$$$$$$$$$$ 
2019-05-13 21:55:53,023 INFO  [Log] XXXXXXXXXXXXXXXXXXXXXXX             -E---N---D-             XXXXXXXXXXXXXXXXXXXXXX 
2019-05-13 21:55:53,024 INFO  [Log] X 
2019-05-13 21:55:53,024 INFO  [Log] X 
2019-05-13 21:55:53,024 INFO  [Log] Entering into WireSupportSearchTests 
2019-05-13 21:55:53,629 INFO  [Log] $$$$$$$$$$$$$$$$$$$$$                 com.wire.WireSupportSearchTests.testAskSupportButtton       $$$$$$$$$$$$$$$$$$$$$$$$$ 
2019-05-13 21:55:54,981 INFO  [Log] XXXXXXXXXXXXXXXXXXXXXXX             -E---N---D-             XXXXXXXXXXXXXXXXXXXXXX 
2019-05-13 21:55:54,981 INFO  [Log] X 
2019-05-13 21:55:54,981 INFO  [Log] X 
2019-05-13 21:55:54,982 INFO  [Log] Entering into WireSupportSearchTests 
2019-05-13 21:55:55,531 INFO  [Log] $$$$$$$$$$$$$$$$$$$$$                 com.wire.WireSupportSearchTests.testSearchTextField       $$$$$$$$$$$$$$$$$$$$$$$$$ 
2019-05-13 21:55:57,269 INFO  [Log] XXXXXXXXXXXXXXXXXXXXXXX             -E---N---D-             XXXXXXXXXXXXXXXXXXXXXX 
2019-05-13 21:55:57,269 INFO  [Log] X 
2019-05-13 21:55:57,269 INFO  [Log] X 
2019-05-13 21:55:57,270 INFO  [Log] =====Browser Session Ended===== 
2019-05-13 21:56:39,639 INFO  [Log] =====Browser Session Started===== 
2019-05-13 21:56:44,131 INFO  [Log] Entering into WireSupportSearchTests 
2019-05-13 21:56:44,578 INFO  [Log] $$$$$$$$$$$$$$$$$$$$$                 com.wire.WireSupportSearchTests.testProSection       $$$$$$$$$$$$$$$$$$$$$$$$$ 
2019-05-13 21:56:51,177 INFO  [Log] XXXXXXXXXXXXXXXXXXXXXXX             -E---N---D-             XXXXXXXXXXXXXXXXXXXXXX 
2019-05-13 21:56:51,178 INFO  [Log] X 
2019-05-13 21:56:51,178 INFO  [Log] X 
2019-05-13 21:56:51,179 INFO  [Log] Entering into WireSupportSearchTests 
2019-05-13 21:56:52,095 INFO  [Log] $$$$$$$$$$$$$$$$$$$$$                 com.wire.WireSupportSearchTests.testRecentlyViewed       $$$$$$$$$$$$$$$$$$$$$$$$$ 
2019-05-13 21:56:56,090 INFO  [Log] XXXXXXXXXXXXXXXXXXXXXXX             -E---N---D-             XXXXXXXXXXXXXXXXXXXXXX 
2019-05-13 21:56:56,090 INFO  [Log] X 
2019-05-13 21:56:56,090 INFO  [Log] X 
2019-05-13 21:56:56,091 INFO  [Log] Entering into WireSupportSearchTests 
2019-05-13 21:56:56,417 INFO  [Log] $$$$$$$$$$$$$$$$$$$$$                 com.wire.WireSupportSearchTests.testTabClicking       $$$$$$$$$$$$$$$$$$$$$$$$$ 
2019-05-13 21:57:09,720 INFO  [Log] XXXXXXXXXXXXXXXXXXXXXXX             -E---N---D-             XXXXXXXXXXXXXXXXXXXXXX 
2019-05-13 21:57:09,721 INFO  [Log] X 
2019-05-13 21:57:09,722 INFO  [Log] X 
2019-05-13 21:57:09,723 INFO  [Log] Entering into WireSupportSearchTests 
2019-05-13 21:57:10,242 INFO  [Log] $$$$$$$$$$$$$$$$$$$$$                 com.wire.WireSupportSearchTests.testAskSupportButtton       $$$$$$$$$$$$$$$$$$$$$$$$$ 
2019-05-13 21:57:11,368 INFO  [Log] XXXXXXXXXXXXXXXXXXXXXXX             -E---N---D-             XXXXXXXXXXXXXXXXXXXXXX 
2019-05-13 21:57:11,368 INFO  [Log] X 
2019-05-13 21:57:11,368 INFO  [Log] X 
2019-05-13 21:57:11,369 INFO  [Log] Entering into WireSupportSearchTests 
2019-05-13 21:57:12,282 INFO  [Log] $$$$$$$$$$$$$$$$$$$$$                 com.wire.WireSupportSearchTests.testSearchTextField       $$$$$$$$$$$$$$$$$$$$$$$$$ 
2019-05-13 21:57:13,981 INFO  [Log] XXXXXXXXXXXXXXXXXXXXXXX             -E---N---D-             XXXXXXXXXXXXXXXXXXXXXX 
2019-05-13 21:57:13,981 INFO  [Log] X 
2019-05-13 21:57:13,981 INFO  [Log] X 
2019-05-13 21:57:13,982 INFO  [Log] =====Browser Session Ended===== 
